<?xml version="1.0" encoding="UTF-8"?>
<!-- Generated by org.testng.reporters.JUnitXMLReporter -->
<testsuite ignored="1" hostname="LAPTOP-OFVKRPE8" failures="0" tests="1" name="Default test" time="3.291" errors="0" timestamp="2025-09-17T12:30:48 IST">
  <testcase classname="ramchavantestautomation.Tests.LoginPageTest" name="verifyThatUserIsAbleToLoginWithValidCredentials" time="1.681"/>
  <testcase classname="ramchavantestautomation.Tests.LoginPageTest" name="verifyThatUserIsNotAbleToLoginWithInValidCredentials" time="0.0">
    <ignored/>
  </testcase> <!-- verifyThatUserIsNotAbleToLoginWithInValidCredentials -->
</testsuite> <!-- Default test -->
