<?xml version="1.0" encoding="UTF-8"?>
<!-- Generated by org.testng.reporters.JUnitXMLReporter -->
<testsuite ignored="0" hostname="LAPTOP-OFVKRPE8" failures="0" tests="3" name="Edge Tests" time="12.896" errors="0" timestamp="2026-01-01T22:38:29 IST">
  <testcase classname="ramchavantestautomation.Tests.LoginPageTest" name="verifyThatUserIsAbleToLoginWithValidCredentials" time="1.707"/>
  <testcase classname="ramchavantestautomation.Tests.LoginPageTest" name="verifyThatUserIsNotAbleToLoginWithInValidCredentials" time="1.104"/>
  <testcase classname="ramchavantestautomation.Tests.LoginPageTest" name="verifyThatUserIsNotAbleToLoginWithInValidCredentials" time="1.991"/>
</testsuite> <!-- Edge Tests -->
