<?xml version="1.0" encoding="UTF-8"?>
<!-- Generated by org.testng.reporters.JUnitXMLReporter -->
<testsuite ignored="0" hostname="LAPTOP-OFVKRPE8" failures="0" tests="3" name="Firefox Tests" time="30.446" errors="0" timestamp="2026-01-01T20:03:41 IST">
  <testcase classname="ramchavantestautomation.Tests.LoginPageTest" name="verifyThatUserIsAbleToLoginWithValidCredentials" time="4.435"/>
  <testcase classname="ramchavantestautomation.Tests.LoginPageTest" name="verifyThatUserIsNotAbleToLoginWithInValidCredentials" time="1.555"/>
  <testcase classname="ramchavantestautomation.Tests.LoginPageTest" name="verifyThatUserIsNotAbleToLoginWithInValidCredentials" time="1.507"/>
</testsuite> <!-- Firefox Tests -->
