<?xml version="1.0" encoding="UTF-8"?>
<!-- Generated by org.testng.reporters.JUnitXMLReporter -->
<testsuite ignored="0" hostname="LAPTOP-OFVKRPE8" failures="0" tests="3" name="Firefox Tests" time="29.307" errors="0" timestamp="2026-01-02T09:26:22 IST">
  <testcase classname="ramchavantestautomation.Tests.LoginPageTest" name="verifyThatUserIsAbleToLoginWithValidCredentials" time="5.305"/>
  <testcase classname="ramchavantestautomation.Tests.LoginPageTest" name="verifyThatUserIsNotAbleToLoginWithInValidCredentials" time="1.875"/>
  <testcase classname="ramchavantestautomation.Tests.LoginPageTest" name="verifyThatUserIsNotAbleToLoginWithInValidCredentials" time="1.405"/>
</testsuite> <!-- Firefox Tests -->
