<?xml version="1.0" encoding="UTF-8"?>
<testng-results ignored="0" total="9" passed="9" failed="0" skipped="0">
  <reporter-output>
  </reporter-output>
  <suite started-at="2026-01-05T19:11:40 IST" name="Ecommerce Automation Suite" finished-at="2026-01-05T19:12:27 IST" duration-ms="47384">
    <groups>
      <group name="smoke">
        <method signature="LoginPageTest.verifyThatUserIsAbleToLoginWithValidCredentials(java.lang.String,java.lang.String)[pri:0, instance:ramchavantestautomation.Tests.LoginPageTest@35e2d654]" name="verifyThatUserIsAbleToLoginWithValidCredentials" class="ramchavantestautomation.Tests.LoginPageTest"/>
        <method signature="LoginPageTest.verifyThatUserIsNotAbleToLoginWithInValidCredentials(java.lang.String,java.lang.String)[pri:0, instance:ramchavantestautomation.Tests.LoginPageTest@35e2d654]" name="verifyThatUserIsNotAbleToLoginWithInValidCredentials" class="ramchavantestautomation.Tests.LoginPageTest"/>
        <method signature="LoginPageTest.verifyThatUserIsAbleToLoginWithValidCredentials(java.lang.String,java.lang.String)[pri:0, instance:ramchavantestautomation.Tests.LoginPageTest@4c12331b]" name="verifyThatUserIsAbleToLoginWithValidCredentials" class="ramchavantestautomation.Tests.LoginPageTest"/>
        <method signature="LoginPageTest.verifyThatUserIsNotAbleToLoginWithInValidCredentials(java.lang.String,java.lang.String)[pri:0, instance:ramchavantestautomation.Tests.LoginPageTest@4c12331b]" name="verifyThatUserIsNotAbleToLoginWithInValidCredentials" class="ramchavantestautomation.Tests.LoginPageTest"/>
        <method signature="LoginPageTest.verifyThatUserIsAbleToLoginWithValidCredentials(java.lang.String,java.lang.String)[pri:0, instance:ramchavantestautomation.Tests.LoginPageTest@3b69e7d1]" name="verifyThatUserIsAbleToLoginWithValidCredentials" class="ramchavantestautomation.Tests.LoginPageTest"/>
        <method signature="LoginPageTest.verifyThatUserIsNotAbleToLoginWithInValidCredentials(java.lang.String,java.lang.String)[pri:0, instance:ramchavantestautomation.Tests.LoginPageTest@3b69e7d1]" name="verifyThatUserIsNotAbleToLoginWithInValidCredentials" class="ramchavantestautomation.Tests.LoginPageTest"/>
      </group> <!-- smoke -->
    </groups>
    <test started-at="2026-01-05T19:11:40 IST" name="Chrome Tests" finished-at="2026-01-05T19:12:12 IST" duration-ms="32542">
      <class name="ramchavantestautomation.Tests.LoginPageTest">
        <test-method is-config="true" signature="setUpTest(java.lang.String,org.testng.ITestContext)[pri:0, instance:ramchavantestautomation.Tests.LoginPageTest@35e2d654]" started-at="2026-01-05T19:11:40 IST" name="setUpTest" finished-at="2026-01-05T19:11:54 IST" duration-ms="13985" status="PASS">
          <params>
            <param index="0">
              <value>
                <![CDATA[chrome]]>
              </value>
            </param>
            <param index="1">
              <value>
                <![CDATA[org.testng.TestRunner@445b295b]]>
              </value>
            </param>
          </params>
          <reporter-output>
          </reporter-output>
        </test-method> <!-- setUpTest -->
        <test-method is-config="true" signature="beforeMethod(java.lang.reflect.Method)[pri:0, instance:ramchavantestautomation.Tests.LoginPageTest@35e2d654]" started-at="2026-01-05T19:11:56 IST" name="beforeMethod" finished-at="2026-01-05T19:11:56 IST" duration-ms="13" status="PASS">
          <params>
            <param index="0">
              <value>
                <![CDATA[public void ramchavantestautomation.Tests.LoginPageTest.verifyThatUserIsAbleToLoginWithValidCredentials(java.lang.String,java.lang.String)]]>
              </value>
            </param>
          </params>
          <reporter-output>
          </reporter-output>
        </test-method> <!-- beforeMethod -->
        <test-method is-config="true" signature="setupLoginPage()[pri:0, instance:ramchavantestautomation.Tests.LoginPageTest@35e2d654]" started-at="2026-01-05T19:11:56 IST" name="setupLoginPage" finished-at="2026-01-05T19:11:56 IST" duration-ms="87" status="PASS">
          <reporter-output>
          </reporter-output>
        </test-method> <!-- setupLoginPage -->
        <test-method signature="verifyThatUserIsAbleToLoginWithValidCredentials(java.lang.String,java.lang.String)[pri:0, instance:ramchavantestautomation.Tests.LoginPageTest@35e2d654]" started-at="2026-01-05T19:11:56 IST" name="verifyThatUserIsAbleToLoginWithValidCredentials" data-provider="loginTestData" finished-at="2026-01-05T19:12:06 IST" duration-ms="9610" status="PASS">
          <params>
            <param index="0">
              <value>
                <![CDATA[testautomationram@gmail.com]]>
              </value>
            </param>
            <param index="1">
              <value>
                <![CDATA[Test@1234]]>
              </value>
            </param>
          </params>
          <reporter-output>
          </reporter-output>
        </test-method> <!-- verifyThatUserIsAbleToLoginWithValidCredentials -->
        <test-method is-config="true" signature="afterMethod(java.lang.reflect.Method)[pri:0, instance:ramchavantestautomation.Tests.LoginPageTest@35e2d654]" started-at="2026-01-05T19:12:06 IST" name="afterMethod" finished-at="2026-01-05T19:12:06 IST" duration-ms="6" status="PASS">
          <params>
            <param index="0">
              <value>
                <![CDATA[public void ramchavantestautomation.Tests.LoginPageTest.verifyThatUserIsAbleToLoginWithValidCredentials(java.lang.String,java.lang.String)]]>
              </value>
            </param>
          </params>
          <reporter-output>
          </reporter-output>
        </test-method> <!-- afterMethod -->
        <test-method is-config="true" signature="beforeMethod(java.lang.reflect.Method)[pri:0, instance:ramchavantestautomation.Tests.LoginPageTest@35e2d654]" started-at="2026-01-05T19:12:06 IST" name="beforeMethod" finished-at="2026-01-05T19:12:06 IST" duration-ms="1" status="PASS">
          <params>
            <param index="0">
              <value>
                <![CDATA[public void ramchavantestautomation.Tests.LoginPageTest.verifyThatUserIsNotAbleToLoginWithInValidCredentials(java.lang.String,java.lang.String)]]>
              </value>
            </param>
          </params>
          <reporter-output>
          </reporter-output>
        </test-method> <!-- beforeMethod -->
        <test-method is-config="true" signature="setupLoginPage()[pri:0, instance:ramchavantestautomation.Tests.LoginPageTest@35e2d654]" started-at="2026-01-05T19:12:06 IST" name="setupLoginPage" finished-at="2026-01-05T19:12:06 IST" duration-ms="6" status="PASS">
          <reporter-output>
          </reporter-output>
        </test-method> <!-- setupLoginPage -->
        <test-method signature="verifyThatUserIsNotAbleToLoginWithInValidCredentials(java.lang.String,java.lang.String)[pri:0, instance:ramchavantestautomation.Tests.LoginPageTest@35e2d654]" started-at="2026-01-05T19:12:06 IST" name="verifyThatUserIsNotAbleToLoginWithInValidCredentials" data-provider="invalidLoginData" finished-at="2026-01-05T19:12:10 IST" duration-ms="3549" status="PASS">
          <params>
            <param index="0">
              <value>
                <![CDATA[bad1@gmail.com]]>
              </value>
            </param>
            <param index="1">
              <value>
                <![CDATA[123]]>
              </value>
            </param>
          </params>
          <reporter-output>
          </reporter-output>
        </test-method> <!-- verifyThatUserIsNotAbleToLoginWithInValidCredentials -->
        <test-method is-config="true" signature="afterMethod(java.lang.reflect.Method)[pri:0, instance:ramchavantestautomation.Tests.LoginPageTest@35e2d654]" started-at="2026-01-05T19:12:10 IST" name="afterMethod" finished-at="2026-01-05T19:12:10 IST" duration-ms="1" status="PASS">
          <params>
            <param index="0">
              <value>
                <![CDATA[public void ramchavantestautomation.Tests.LoginPageTest.verifyThatUserIsNotAbleToLoginWithInValidCredentials(java.lang.String,java.lang.String)]]>
              </value>
            </param>
          </params>
          <reporter-output>
          </reporter-output>
        </test-method> <!-- afterMethod -->
        <test-method is-config="true" signature="beforeMethod(java.lang.reflect.Method)[pri:0, instance:ramchavantestautomation.Tests.LoginPageTest@35e2d654]" started-at="2026-01-05T19:12:10 IST" name="beforeMethod" finished-at="2026-01-05T19:12:10 IST" duration-ms="2" status="PASS">
          <params>
            <param index="0">
              <value>
                <![CDATA[public void ramchavantestautomation.Tests.LoginPageTest.verifyThatUserIsNotAbleToLoginWithInValidCredentials(java.lang.String,java.lang.String)]]>
              </value>
            </param>
          </params>
          <reporter-output>
          </reporter-output>
        </test-method> <!-- beforeMethod -->
        <test-method is-config="true" signature="setupLoginPage()[pri:0, instance:ramchavantestautomation.Tests.LoginPageTest@35e2d654]" started-at="2026-01-05T19:12:10 IST" name="setupLoginPage" finished-at="2026-01-05T19:12:10 IST" duration-ms="1" status="PASS">
          <reporter-output>
          </reporter-output>
        </test-method> <!-- setupLoginPage -->
        <test-method signature="verifyThatUserIsNotAbleToLoginWithInValidCredentials(java.lang.String,java.lang.String)[pri:0, instance:ramchavantestautomation.Tests.LoginPageTest@35e2d654]" started-at="2026-01-05T19:12:10 IST" name="verifyThatUserIsNotAbleToLoginWithInValidCredentials" data-provider="invalidLoginData" finished-at="2026-01-05T19:12:12 IST" duration-ms="2457" status="PASS">
          <params>
            <param index="0">
              <value>
                <![CDATA[bad2@gmail.com]]>
              </value>
            </param>
            <param index="1">
              <value>
                <![CDATA[short]]>
              </value>
            </param>
          </params>
          <reporter-output>
          </reporter-output>
        </test-method> <!-- verifyThatUserIsNotAbleToLoginWithInValidCredentials -->
        <test-method is-config="true" signature="afterMethod(java.lang.reflect.Method)[pri:0, instance:ramchavantestautomation.Tests.LoginPageTest@35e2d654]" started-at="2026-01-05T19:12:12 IST" name="afterMethod" finished-at="2026-01-05T19:12:12 IST" duration-ms="2" status="PASS">
          <params>
            <param index="0">
              <value>
                <![CDATA[public void ramchavantestautomation.Tests.LoginPageTest.verifyThatUserIsNotAbleToLoginWithInValidCredentials(java.lang.String,java.lang.String)]]>
              </value>
            </param>
          </params>
          <reporter-output>
          </reporter-output>
        </test-method> <!-- afterMethod -->
        <test-method is-config="true" signature="tearDownTest()[pri:0, instance:ramchavantestautomation.Tests.LoginPageTest@35e2d654]" started-at="2026-01-05T19:12:12 IST" name="tearDownTest" finished-at="2026-01-05T19:12:12 IST" duration-ms="229" status="PASS">
          <reporter-output>
          </reporter-output>
        </test-method> <!-- tearDownTest -->
      </class> <!-- ramchavantestautomation.Tests.LoginPageTest -->
    </test> <!-- Chrome Tests -->
    <test started-at="2026-01-05T19:11:40 IST" name="Firefox Tests" finished-at="2026-01-05T19:12:14 IST" duration-ms="33860">
      <class name="ramchavantestautomation.Tests.LoginPageTest">
        <test-method is-config="true" signature="setUpTest(java.lang.String,org.testng.ITestContext)[pri:0, instance:ramchavantestautomation.Tests.LoginPageTest@4c12331b]" started-at="2026-01-05T19:11:40 IST" name="setUpTest" finished-at="2026-01-05T19:12:04 IST" duration-ms="23802" status="PASS">
          <params>
            <param index="0">
              <value>
                <![CDATA[firefox]]>
              </value>
            </param>
            <param index="1">
              <value>
                <![CDATA[org.testng.TestRunner@49e5f737]]>
              </value>
            </param>
          </params>
          <reporter-output>
          </reporter-output>
        </test-method> <!-- setUpTest -->
        <test-method is-config="true" signature="beforeMethod(java.lang.reflect.Method)[pri:0, instance:ramchavantestautomation.Tests.LoginPageTest@4c12331b]" started-at="2026-01-05T19:12:04 IST" name="beforeMethod" finished-at="2026-01-05T19:12:04 IST" duration-ms="3" status="PASS">
          <params>
            <param index="0">
              <value>
                <![CDATA[public void ramchavantestautomation.Tests.LoginPageTest.verifyThatUserIsAbleToLoginWithValidCredentials(java.lang.String,java.lang.String)]]>
              </value>
            </param>
          </params>
          <reporter-output>
          </reporter-output>
        </test-method> <!-- beforeMethod -->
        <test-method is-config="true" signature="setupLoginPage()[pri:0, instance:ramchavantestautomation.Tests.LoginPageTest@4c12331b]" started-at="2026-01-05T19:12:04 IST" name="setupLoginPage" finished-at="2026-01-05T19:12:04 IST" duration-ms="2" status="PASS">
          <reporter-output>
          </reporter-output>
        </test-method> <!-- setupLoginPage -->
        <test-method signature="verifyThatUserIsAbleToLoginWithValidCredentials(java.lang.String,java.lang.String)[pri:0, instance:ramchavantestautomation.Tests.LoginPageTest@4c12331b]" started-at="2026-01-05T19:12:04 IST" name="verifyThatUserIsAbleToLoginWithValidCredentials" data-provider="loginTestData" finished-at="2026-01-05T19:12:07 IST" duration-ms="3422" status="PASS">
          <params>
            <param index="0">
              <value>
                <![CDATA[testautomationram@gmail.com]]>
              </value>
            </param>
            <param index="1">
              <value>
                <![CDATA[Test@1234]]>
              </value>
            </param>
          </params>
          <reporter-output>
          </reporter-output>
        </test-method> <!-- verifyThatUserIsAbleToLoginWithValidCredentials -->
        <test-method is-config="true" signature="afterMethod(java.lang.reflect.Method)[pri:0, instance:ramchavantestautomation.Tests.LoginPageTest@4c12331b]" started-at="2026-01-05T19:12:07 IST" name="afterMethod" finished-at="2026-01-05T19:12:07 IST" duration-ms="1" status="PASS">
          <params>
            <param index="0">
              <value>
                <![CDATA[public void ramchavantestautomation.Tests.LoginPageTest.verifyThatUserIsAbleToLoginWithValidCredentials(java.lang.String,java.lang.String)]]>
              </value>
            </param>
          </params>
          <reporter-output>
          </reporter-output>
        </test-method> <!-- afterMethod -->
        <test-method is-config="true" signature="beforeMethod(java.lang.reflect.Method)[pri:0, instance:ramchavantestautomation.Tests.LoginPageTest@4c12331b]" started-at="2026-01-05T19:12:07 IST" name="beforeMethod" finished-at="2026-01-05T19:12:07 IST" duration-ms="3" status="PASS">
          <params>
            <param index="0">
              <value>
                <![CDATA[public void ramchavantestautomation.Tests.LoginPageTest.verifyThatUserIsNotAbleToLoginWithInValidCredentials(java.lang.String,java.lang.String)]]>
              </value>
            </param>
          </params>
          <reporter-output>
          </reporter-output>
        </test-method> <!-- beforeMethod -->
        <test-method is-config="true" signature="setupLoginPage()[pri:0, instance:ramchavantestautomation.Tests.LoginPageTest@4c12331b]" started-at="2026-01-05T19:12:07 IST" name="setupLoginPage" finished-at="2026-01-05T19:12:07 IST" duration-ms="1" status="PASS">
          <reporter-output>
          </reporter-output>
        </test-method> <!-- setupLoginPage -->
        <test-method signature="verifyThatUserIsNotAbleToLoginWithInValidCredentials(java.lang.String,java.lang.String)[pri:0, instance:ramchavantestautomation.Tests.LoginPageTest@4c12331b]" started-at="2026-01-05T19:12:07 IST" name="verifyThatUserIsNotAbleToLoginWithInValidCredentials" data-provider="invalidLoginData" finished-at="2026-01-05T19:12:10 IST" duration-ms="2970" status="PASS">
          <params>
            <param index="0">
              <value>
                <![CDATA[bad1@gmail.com]]>
              </value>
            </param>
            <param index="1">
              <value>
                <![CDATA[123]]>
              </value>
            </param>
          </params>
          <reporter-output>
          </reporter-output>
        </test-method> <!-- verifyThatUserIsNotAbleToLoginWithInValidCredentials -->
        <test-method is-config="true" signature="afterMethod(java.lang.reflect.Method)[pri:0, instance:ramchavantestautomation.Tests.LoginPageTest@4c12331b]" started-at="2026-01-05T19:12:10 IST" name="afterMethod" finished-at="2026-01-05T19:12:10 IST" duration-ms="1" status="PASS">
          <params>
            <param index="0">
              <value>
                <![CDATA[public void ramchavantestautomation.Tests.LoginPageTest.verifyThatUserIsNotAbleToLoginWithInValidCredentials(java.lang.String,java.lang.String)]]>
              </value>
            </param>
          </params>
          <reporter-output>
          </reporter-output>
        </test-method> <!-- afterMethod -->
        <test-method is-config="true" signature="beforeMethod(java.lang.reflect.Method)[pri:0, instance:ramchavantestautomation.Tests.LoginPageTest@4c12331b]" started-at="2026-01-05T19:12:10 IST" name="beforeMethod" finished-at="2026-01-05T19:12:10 IST" duration-ms="2" status="PASS">
          <params>
            <param index="0">
              <value>
                <![CDATA[public void ramchavantestautomation.Tests.LoginPageTest.verifyThatUserIsNotAbleToLoginWithInValidCredentials(java.lang.String,java.lang.String)]]>
              </value>
            </param>
          </params>
          <reporter-output>
          </reporter-output>
        </test-method> <!-- beforeMethod -->
        <test-method is-config="true" signature="setupLoginPage()[pri:0, instance:ramchavantestautomation.Tests.LoginPageTest@4c12331b]" started-at="2026-01-05T19:12:10 IST" name="setupLoginPage" finished-at="2026-01-05T19:12:10 IST" duration-ms="1" status="PASS">
          <reporter-output>
          </reporter-output>
        </test-method> <!-- setupLoginPage -->
        <test-method signature="verifyThatUserIsNotAbleToLoginWithInValidCredentials(java.lang.String,java.lang.String)[pri:0, instance:ramchavantestautomation.Tests.LoginPageTest@4c12331b]" started-at="2026-01-05T19:12:10 IST" name="verifyThatUserIsNotAbleToLoginWithInValidCredentials" data-provider="invalidLoginData" finished-at="2026-01-05T19:12:12 IST" duration-ms="1606" status="PASS">
          <params>
            <param index="0">
              <value>
                <![CDATA[bad2@gmail.com]]>
              </value>
            </param>
            <param index="1">
              <value>
                <![CDATA[short]]>
              </value>
            </param>
          </params>
          <reporter-output>
          </reporter-output>
        </test-method> <!-- verifyThatUserIsNotAbleToLoginWithInValidCredentials -->
        <test-method is-config="true" signature="afterMethod(java.lang.reflect.Method)[pri:0, instance:ramchavantestautomation.Tests.LoginPageTest@4c12331b]" started-at="2026-01-05T19:12:12 IST" name="afterMethod" finished-at="2026-01-05T19:12:12 IST" duration-ms="0" status="PASS">
          <params>
            <param index="0">
              <value>
                <![CDATA[public void ramchavantestautomation.Tests.LoginPageTest.verifyThatUserIsNotAbleToLoginWithInValidCredentials(java.lang.String,java.lang.String)]]>
              </value>
            </param>
          </params>
          <reporter-output>
          </reporter-output>
        </test-method> <!-- afterMethod -->
        <test-method is-config="true" signature="tearDownTest()[pri:0, instance:ramchavantestautomation.Tests.LoginPageTest@4c12331b]" started-at="2026-01-05T19:12:12 IST" name="tearDownTest" finished-at="2026-01-05T19:12:14 IST" duration-ms="1826" status="PASS">
          <reporter-output>
          </reporter-output>
        </test-method> <!-- tearDownTest -->
      </class> <!-- ramchavantestautomation.Tests.LoginPageTest -->
    </test> <!-- Firefox Tests -->
    <test started-at="2026-01-05T19:12:13 IST" name="Edge Tests" finished-at="2026-01-05T19:12:27 IST" duration-ms="14103">
      <class name="ramchavantestautomation.Tests.LoginPageTest">
        <test-method is-config="true" signature="setUpTest(java.lang.String,org.testng.ITestContext)[pri:0, instance:ramchavantestautomation.Tests.LoginPageTest@3b69e7d1]" started-at="2026-01-05T19:12:13 IST" name="setUpTest" finished-at="2026-01-05T19:12:20 IST" duration-ms="7279" status="PASS">
          <params>
            <param index="0">
              <value>
                <![CDATA[edge]]>
              </value>
            </param>
            <param index="1">
              <value>
                <![CDATA[org.testng.TestRunner@5c671d7f]]>
              </value>
            </param>
          </params>
          <reporter-output>
          </reporter-output>
        </test-method> <!-- setUpTest -->
        <test-method is-config="true" signature="beforeMethod(java.lang.reflect.Method)[pri:0, instance:ramchavantestautomation.Tests.LoginPageTest@3b69e7d1]" started-at="2026-01-05T19:12:20 IST" name="beforeMethod" finished-at="2026-01-05T19:12:20 IST" duration-ms="1" status="PASS">
          <params>
            <param index="0">
              <value>
                <![CDATA[public void ramchavantestautomation.Tests.LoginPageTest.verifyThatUserIsAbleToLoginWithValidCredentials(java.lang.String,java.lang.String)]]>
              </value>
            </param>
          </params>
          <reporter-output>
          </reporter-output>
        </test-method> <!-- beforeMethod -->
        <test-method is-config="true" signature="setupLoginPage()[pri:0, instance:ramchavantestautomation.Tests.LoginPageTest@3b69e7d1]" started-at="2026-01-05T19:12:20 IST" name="setupLoginPage" finished-at="2026-01-05T19:12:20 IST" duration-ms="0" status="PASS">
          <reporter-output>
          </reporter-output>
        </test-method> <!-- setupLoginPage -->
        <test-method signature="verifyThatUserIsAbleToLoginWithValidCredentials(java.lang.String,java.lang.String)[pri:0, instance:ramchavantestautomation.Tests.LoginPageTest@3b69e7d1]" started-at="2026-01-05T19:12:20 IST" name="verifyThatUserIsAbleToLoginWithValidCredentials" data-provider="loginTestData" finished-at="2026-01-05T19:12:23 IST" duration-ms="2667" status="PASS">
          <params>
            <param index="0">
              <value>
                <![CDATA[testautomationram@gmail.com]]>
              </value>
            </param>
            <param index="1">
              <value>
                <![CDATA[Test@1234]]>
              </value>
            </param>
          </params>
          <reporter-output>
          </reporter-output>
        </test-method> <!-- verifyThatUserIsAbleToLoginWithValidCredentials -->
        <test-method is-config="true" signature="afterMethod(java.lang.reflect.Method)[pri:0, instance:ramchavantestautomation.Tests.LoginPageTest@3b69e7d1]" started-at="2026-01-05T19:12:23 IST" name="afterMethod" finished-at="2026-01-05T19:12:23 IST" duration-ms="3" status="PASS">
          <params>
            <param index="0">
              <value>
                <![CDATA[public void ramchavantestautomation.Tests.LoginPageTest.verifyThatUserIsAbleToLoginWithValidCredentials(java.lang.String,java.lang.String)]]>
              </value>
            </param>
          </params>
          <reporter-output>
          </reporter-output>
        </test-method> <!-- afterMethod -->
        <test-method is-config="true" signature="beforeMethod(java.lang.reflect.Method)[pri:0, instance:ramchavantestautomation.Tests.LoginPageTest@3b69e7d1]" started-at="2026-01-05T19:12:23 IST" name="beforeMethod" finished-at="2026-01-05T19:12:23 IST" duration-ms="1" status="PASS">
          <params>
            <param index="0">
              <value>
                <![CDATA[public void ramchavantestautomation.Tests.LoginPageTest.verifyThatUserIsNotAbleToLoginWithInValidCredentials(java.lang.String,java.lang.String)]]>
              </value>
            </param>
          </params>
          <reporter-output>
          </reporter-output>
        </test-method> <!-- beforeMethod -->
        <test-method is-config="true" signature="setupLoginPage()[pri:0, instance:ramchavantestautomation.Tests.LoginPageTest@3b69e7d1]" started-at="2026-01-05T19:12:23 IST" name="setupLoginPage" finished-at="2026-01-05T19:12:23 IST" duration-ms="1" status="PASS">
          <reporter-output>
          </reporter-output>
        </test-method> <!-- setupLoginPage -->
        <test-method signature="verifyThatUserIsNotAbleToLoginWithInValidCredentials(java.lang.String,java.lang.String)[pri:0, instance:ramchavantestautomation.Tests.LoginPageTest@3b69e7d1]" started-at="2026-01-05T19:12:23 IST" name="verifyThatUserIsNotAbleToLoginWithInValidCredentials" data-provider="invalidLoginData" finished-at="2026-01-05T19:12:25 IST" duration-ms="1383" status="PASS">
          <params>
            <param index="0">
              <value>
                <![CDATA[bad1@gmail.com]]>
              </value>
            </param>
            <param index="1">
              <value>
                <![CDATA[123]]>
              </value>
            </param>
          </params>
          <reporter-output>
          </reporter-output>
        </test-method> <!-- verifyThatUserIsNotAbleToLoginWithInValidCredentials -->
        <test-method is-config="true" signature="afterMethod(java.lang.reflect.Method)[pri:0, instance:ramchavantestautomation.Tests.LoginPageTest@3b69e7d1]" started-at="2026-01-05T19:12:25 IST" name="afterMethod" finished-at="2026-01-05T19:12:25 IST" duration-ms="0" status="PASS">
          <params>
            <param index="0">
              <value>
                <![CDATA[public void ramchavantestautomation.Tests.LoginPageTest.verifyThatUserIsNotAbleToLoginWithInValidCredentials(java.lang.String,java.lang.String)]]>
              </value>
            </param>
          </params>
          <reporter-output>
          </reporter-output>
        </test-method> <!-- afterMethod -->
        <test-method is-config="true" signature="beforeMethod(java.lang.reflect.Method)[pri:0, instance:ramchavantestautomation.Tests.LoginPageTest@3b69e7d1]" started-at="2026-01-05T19:12:25 IST" name="beforeMethod" finished-at="2026-01-05T19:12:25 IST" duration-ms="2" status="PASS">
          <params>
            <param index="0">
              <value>
                <![CDATA[public void ramchavantestautomation.Tests.LoginPageTest.verifyThatUserIsNotAbleToLoginWithInValidCredentials(java.lang.String,java.lang.String)]]>
              </value>
            </param>
          </params>
          <reporter-output>
          </reporter-output>
        </test-method> <!-- beforeMethod -->
        <test-method is-config="true" signature="setupLoginPage()[pri:0, instance:ramchavantestautomation.Tests.LoginPageTest@3b69e7d1]" started-at="2026-01-05T19:12:25 IST" name="setupLoginPage" finished-at="2026-01-05T19:12:25 IST" duration-ms="2" status="PASS">
          <reporter-output>
          </reporter-output>
        </test-method> <!-- setupLoginPage -->
        <test-method signature="verifyThatUserIsNotAbleToLoginWithInValidCredentials(java.lang.String,java.lang.String)[pri:0, instance:ramchavantestautomation.Tests.LoginPageTest@3b69e7d1]" started-at="2026-01-05T19:12:25 IST" name="verifyThatUserIsNotAbleToLoginWithInValidCredentials" data-provider="invalidLoginData" finished-at="2026-01-05T19:12:26 IST" duration-ms="1466" status="PASS">
          <params>
            <param index="0">
              <value>
                <![CDATA[bad2@gmail.com]]>
              </value>
            </param>
            <param index="1">
              <value>
                <![CDATA[short]]>
              </value>
            </param>
          </params>
          <reporter-output>
          </reporter-output>
        </test-method> <!-- verifyThatUserIsNotAbleToLoginWithInValidCredentials -->
        <test-method is-config="true" signature="afterMethod(java.lang.reflect.Method)[pri:0, instance:ramchavantestautomation.Tests.LoginPageTest@3b69e7d1]" started-at="2026-01-05T19:12:26 IST" name="afterMethod" finished-at="2026-01-05T19:12:26 IST" duration-ms="0" status="PASS">
          <params>
            <param index="0">
              <value>
                <![CDATA[public void ramchavantestautomation.Tests.LoginPageTest.verifyThatUserIsNotAbleToLoginWithInValidCredentials(java.lang.String,java.lang.String)]]>
              </value>
            </param>
          </params>
          <reporter-output>
          </reporter-output>
        </test-method> <!-- afterMethod -->
        <test-method is-config="true" signature="tearDownTest()[pri:0, instance:ramchavantestautomation.Tests.LoginPageTest@3b69e7d1]" started-at="2026-01-05T19:12:26 IST" name="tearDownTest" finished-at="2026-01-05T19:12:27 IST" duration-ms="1145" status="PASS">
          <reporter-output>
          </reporter-output>
        </test-method> <!-- tearDownTest -->
      </class> <!-- ramchavantestautomation.Tests.LoginPageTest -->
    </test> <!-- Edge Tests -->
  </suite> <!-- Ecommerce Automation Suite -->
</testng-results>
