<?xml version="1.0" encoding="UTF-8"?>
<testsuite xmlns:xsi="http://www.w3.org/2001/XMLSchema-instance" xsi:noNamespaceSchemaLocation="https://maven.apache.org/surefire/maven-surefire-plugin/xsd/surefire-test-report-3.0.xsd" version="3.0" name="TestSuite" time="48.454" tests="9" errors="0" skipped="0" failures="0">
  <properties>
[...]
</properties>
  <testcase name="verifyThatUserIsAbleToLoginWithValidCredentials[testautomationram@gmail.com, Test@1234](1)" classname="ramchavantestautomation.Tests.LoginPageTest" time="2.127">
    <system-out><![CDATA[[19:11:53] [TestNG-tests-1] INFO  ramchavantestautomation.Utils.Log - Browser launched: chrome
[19:11:56] [TestNG-tests-1] INFO  ramchavantestautomation.Utils.Log - Starting test: verifyThatUserIsAbleToLoginWithValidCredentials
[19:11:56] [TestNG-tests-1] INFO  ramchavantestautomation.Utils.Log - Test started: verifyThatUserIsAbleToLoginWithValidCredentials
[19:11:56] [TestNG-tests-1] INFO  ramchavantestautomation.Utils.Log - =====================================verifyThatUserIsAbleToLoginWithValidCredentialsTest TEST START=========================================
[19:11:56] [TestNG-tests-1] INFO  ramchavantestautomation.Utils.Log - Testing login with data provider: testautomationram@gmail.com / Test@1234
[19:12:00] [TestNG-tests-1] INFO  ramchavantestautomation.Utils.Log - Entered username: testautomationram@gmail.com
[19:12:03] [TestNG-tests-1] INFO  ramchavantestautomation.Utils.Log - Entered password: Test@1234
[19:12:04] [TestNG-tests-2] INFO  ramchavantestautomation.Utils.Log - Browser launched: firefox
[19:12:04] [TestNG-tests-2] INFO  ramchavantestautomation.Utils.Log - Starting test: verifyThatUserIsAbleToLoginWithValidCredentials
[19:12:04] [TestNG-tests-2] INFO  ramchavantestautomation.Utils.Log - Test started: verifyThatUserIsAbleToLoginWithValidCredentials
[19:12:04] [TestNG-tests-2] INFO  ramchavantestautomation.Utils.Log - =====================================verifyThatUserIsAbleToLoginWithValidCredentialsTest TEST START=========================================
[19:12:04] [TestNG-tests-2] INFO  ramchavantestautomation.Utils.Log - Testing login with data provider: testautomationram@gmail.com / Test@1234
[19:12:04] [TestNG-tests-1] INFO  ramchavantestautomation.Utils.Log - Clicked on login button
[19:12:05] [TestNG-tests-2] INFO  ramchavantestautomation.Utils.Log - Entered username: testautomationram@gmail.com
[19:12:05] [TestNG-tests-1] INFO  ramchavantestautomation.Utils.Log - Fetched Homepage text after successfull login: AUTOMATION
[19:12:05] [TestNG-tests-2] INFO  ramchavantestautomation.Utils.Log - Entered password: Test@1234
[19:12:06] [TestNG-tests-2] INFO  ramchavantestautomation.Utils.Log - Clicked on login button
[19:12:06] [TestNG-tests-1] INFO  ramchavantestautomation.Utils.Log - =====================================verifyThatUserIsAbleToLoginWithValidCredentialsTest TEST END=========================================
]]></system-out>
    <system-err><![CDATA[SLF4J(W): No SLF4J providers were found.
SLF4J(W): Defaulting to no-operation (NOP) logger implementation
SLF4J(W): See https://www.slf4j.org/codes.html#noProviders for further details.
Jan 05, 2026 7:11:40 PM org.openqa.selenium.remote.tracing.opentelemetry.OpenTelemetryTracer createTracer
INFO: Using OpenTelemetry for tracing
]]></system-err>
  </testcase>
  <testcase name="verifyThatUserIsAbleToLoginWithValidCredentials[testautomationram@gmail.com, Test@1234](1)" classname="ramchavantestautomation.Tests.LoginPageTest" time="1.024">
    <system-out><![CDATA[[19:12:06] [TestNG-tests-1] INFO  ramchavantestautomation.Utils.Log - Starting test: verifyThatUserIsNotAbleToLoginWithInValidCredentials
[19:12:06] [TestNG-tests-1] INFO  ramchavantestautomation.Utils.Log - Test started: verifyThatUserIsNotAbleToLoginWithInValidCredentials
[19:12:06] [TestNG-tests-1] INFO  ramchavantestautomation.Utils.Log - =====================================verifyThatUserIsNotAbleToLoginWithInValidCredentialsTest TEST START=========================================
[19:12:06] [TestNG-tests-1] INFO  ramchavantestautomation.Utils.Log - Testing invalid login with: bad1@gmail.com / 123
[19:12:06] [TestNG-tests-2] INFO  ramchavantestautomation.Utils.Log - Fetched Homepage text after successfull login: AUTOMATION
[19:12:07] [TestNG-tests-1] INFO  ramchavantestautomation.Utils.Log - Entered username: bad1@gmail.com
[19:12:07] [TestNG-tests-2] INFO  ramchavantestautomation.Utils.Log - =====================================verifyThatUserIsAbleToLoginWithValidCredentialsTest TEST END=========================================
]]></system-out>
  </testcase>
  <testcase name="verifyThatUserIsAbleToLoginWithValidCredentials[testautomationram@gmail.com, Test@1234](1)" classname="ramchavantestautomation.Tests.LoginPageTest" time="2.669">
    <system-out><![CDATA[[19:12:12] [TestNG-tests-1] INFO  ramchavantestautomation.Utils.Log - Browser closed
[19:12:13] [TestNG-tests-1] INFO  ramchavantestautomation.Utils.Log - Test suite finished
[19:12:14] [TestNG-tests-2] INFO  ramchavantestautomation.Utils.Log - Browser closed
[19:12:14] [TestNG-tests-2] INFO  ramchavantestautomation.Utils.Log - Test suite finished
[19:12:20] [TestNG-tests-1] INFO  ramchavantestautomation.Utils.Log - Browser launched: edge
[19:12:20] [TestNG-tests-1] INFO  ramchavantestautomation.Utils.Log - Starting test: verifyThatUserIsAbleToLoginWithValidCredentials
[19:12:20] [TestNG-tests-1] INFO  ramchavantestautomation.Utils.Log - Test started: verifyThatUserIsAbleToLoginWithValidCredentials
[19:12:20] [TestNG-tests-1] INFO  ramchavantestautomation.Utils.Log - =====================================verifyThatUserIsAbleToLoginWithValidCredentialsTest TEST START=========================================
[19:12:20] [TestNG-tests-1] INFO  ramchavantestautomation.Utils.Log - Testing login with data provider: testautomationram@gmail.com / Test@1234
[19:12:21] [TestNG-tests-1] INFO  ramchavantestautomation.Utils.Log - Entered username: testautomationram@gmail.com
[19:12:22] [TestNG-tests-1] INFO  ramchavantestautomation.Utils.Log - Entered password: Test@1234
[19:12:22] [TestNG-tests-1] INFO  ramchavantestautomation.Utils.Log - Clicked on login button
[19:12:23] [TestNG-tests-1] INFO  ramchavantestautomation.Utils.Log - Fetched Homepage text after successfull login: AUTOMATION
[19:12:23] [TestNG-tests-1] INFO  ramchavantestautomation.Utils.Log - =====================================verifyThatUserIsAbleToLoginWithValidCredentialsTest TEST END=========================================
]]></system-out>
  </testcase>
  <testcase name="verifyThatUserIsNotAbleToLoginWithInValidCredentials[bad1@gmail.com, 123](1)" classname="ramchavantestautomation.Tests.LoginPageTest" time="2.393">
    <system-out><![CDATA[[19:12:07] [TestNG-tests-2] INFO  ramchavantestautomation.Utils.Log - Starting test: verifyThatUserIsNotAbleToLoginWithInValidCredentials
[19:12:07] [TestNG-tests-2] INFO  ramchavantestautomation.Utils.Log - Test started: verifyThatUserIsNotAbleToLoginWithInValidCredentials
[19:12:07] [TestNG-tests-2] INFO  ramchavantestautomation.Utils.Log - =====================================verifyThatUserIsNotAbleToLoginWithInValidCredentialsTest TEST START=========================================
[19:12:07] [TestNG-tests-2] INFO  ramchavantestautomation.Utils.Log - Testing invalid login with: bad1@gmail.com / 123
[19:12:08] [TestNG-tests-1] INFO  ramchavantestautomation.Utils.Log - Entered password: 123
[19:12:08] [TestNG-tests-2] INFO  ramchavantestautomation.Utils.Log - Entered username: bad1@gmail.com
[19:12:08] [TestNG-tests-2] INFO  ramchavantestautomation.Utils.Log - Entered password: 123
[19:12:09] [TestNG-tests-1] INFO  ramchavantestautomation.Utils.Log - Clicked on login button
[19:12:10] [TestNG-tests-1] INFO  ramchavantestautomation.Utils.Log - Error displayed: true
[19:12:10] [TestNG-tests-1] INFO  ramchavantestautomation.Utils.Log - =====================================verifyThatUserIsNotAbleToLoginWithInValidCredentialsTest TEST END=========================================
]]></system-out>
  </testcase>
  <testcase name="verifyThatUserIsNotAbleToLoginWithInValidCredentials[bad1@gmail.com, 123](1)" classname="ramchavantestautomation.Tests.LoginPageTest" time="0.55">
    <system-out><![CDATA[[19:12:10] [TestNG-tests-1] INFO  ramchavantestautomation.Utils.Log - Starting test: verifyThatUserIsNotAbleToLoginWithInValidCredentials
[19:12:10] [TestNG-tests-1] INFO  ramchavantestautomation.Utils.Log - Test started: verifyThatUserIsNotAbleToLoginWithInValidCredentials
[19:12:10] [TestNG-tests-1] INFO  ramchavantestautomation.Utils.Log - =====================================verifyThatUserIsNotAbleToLoginWithInValidCredentialsTest TEST START=========================================
[19:12:10] [TestNG-tests-1] INFO  ramchavantestautomation.Utils.Log - Testing invalid login with: bad2@gmail.com / short
[19:12:10] [TestNG-tests-2] INFO  ramchavantestautomation.Utils.Log - Clicked on login button
[19:12:10] [TestNG-tests-2] INFO  ramchavantestautomation.Utils.Log - Error displayed: true
[19:12:10] [TestNG-tests-2] INFO  ramchavantestautomation.Utils.Log - =====================================verifyThatUserIsNotAbleToLoginWithInValidCredentialsTest TEST END=========================================
]]></system-out>
  </testcase>
  <testcase name="verifyThatUserIsNotAbleToLoginWithInValidCredentials[bad1@gmail.com, 123](1)" classname="ramchavantestautomation.Tests.LoginPageTest" time="1.372">
    <system-out><![CDATA[[19:12:23] [TestNG-tests-1] INFO  ramchavantestautomation.Utils.Log - Starting test: verifyThatUserIsNotAbleToLoginWithInValidCredentials
[19:12:23] [TestNG-tests-1] INFO  ramchavantestautomation.Utils.Log - Test started: verifyThatUserIsNotAbleToLoginWithInValidCredentials
[19:12:23] [TestNG-tests-1] INFO  ramchavantestautomation.Utils.Log - =====================================verifyThatUserIsNotAbleToLoginWithInValidCredentialsTest TEST START=========================================
[19:12:23] [TestNG-tests-1] INFO  ramchavantestautomation.Utils.Log - Testing invalid login with: bad1@gmail.com / 123
[19:12:24] [TestNG-tests-1] INFO  ramchavantestautomation.Utils.Log - Entered username: bad1@gmail.com
[19:12:24] [TestNG-tests-1] INFO  ramchavantestautomation.Utils.Log - Entered password: 123
[19:12:24] [TestNG-tests-1] INFO  ramchavantestautomation.Utils.Log - Clicked on login button
[19:12:25] [TestNG-tests-1] INFO  ramchavantestautomation.Utils.Log - Error displayed: true
[19:12:25] [TestNG-tests-1] INFO  ramchavantestautomation.Utils.Log - =====================================verifyThatUserIsNotAbleToLoginWithInValidCredentialsTest TEST END=========================================
]]></system-out>
  </testcase>
  <testcase name="verifyThatUserIsNotAbleToLoginWithInValidCredentials[bad2@gmail.com, short](2)" classname="ramchavantestautomation.Tests.LoginPageTest" time="1.597">
    <system-out><![CDATA[[19:12:10] [TestNG-tests-2] INFO  ramchavantestautomation.Utils.Log - Starting test: verifyThatUserIsNotAbleToLoginWithInValidCredentials
[19:12:10] [TestNG-tests-2] INFO  ramchavantestautomation.Utils.Log - Test started: verifyThatUserIsNotAbleToLoginWithInValidCredentials
[19:12:10] [TestNG-tests-2] INFO  ramchavantestautomation.Utils.Log - =====================================verifyThatUserIsNotAbleToLoginWithInValidCredentialsTest TEST START=========================================
[19:12:10] [TestNG-tests-2] INFO  ramchavantestautomation.Utils.Log - Testing invalid login with: bad2@gmail.com / short
[19:12:10] [TestNG-tests-1] INFO  ramchavantestautomation.Utils.Log - Entered username: bad2@gmail.com
[19:12:11] [TestNG-tests-2] INFO  ramchavantestautomation.Utils.Log - Entered username: bad2@gmail.com
[19:12:11] [TestNG-tests-2] INFO  ramchavantestautomation.Utils.Log - Entered password: short
[19:12:11] [TestNG-tests-1] INFO  ramchavantestautomation.Utils.Log - Entered password: short
[19:12:12] [TestNG-tests-2] INFO  ramchavantestautomation.Utils.Log - Clicked on login button
[19:12:12] [TestNG-tests-2] INFO  ramchavantestautomation.Utils.Log - Error displayed: true
[19:12:12] [TestNG-tests-2] INFO  ramchavantestautomation.Utils.Log - =====================================verifyThatUserIsNotAbleToLoginWithInValidCredentialsTest TEST END=========================================
]]></system-out>
  </testcase>
  <testcase name="verifyThatUserIsNotAbleToLoginWithInValidCredentials[bad2@gmail.com, short](2)" classname="ramchavantestautomation.Tests.LoginPageTest" time="1.876">
    <system-out><![CDATA[[19:12:12] [TestNG-tests-1] INFO  ramchavantestautomation.Utils.Log - Clicked on login button
[19:12:12] [TestNG-tests-1] INFO  ramchavantestautomation.Utils.Log - Error displayed: true
[19:12:12] [TestNG-tests-1] INFO  ramchavantestautomation.Utils.Log - =====================================verifyThatUserIsNotAbleToLoginWithInValidCredentialsTest TEST END=========================================
]]></system-out>
  </testcase>
  <testcase name="verifyThatUserIsNotAbleToLoginWithInValidCredentials[bad2@gmail.com, short](2)" classname="ramchavantestautomation.Tests.LoginPageTest" time="1.459">
    <system-out><![CDATA[[19:12:25] [TestNG-tests-1] INFO  ramchavantestautomation.Utils.Log - Starting test: verifyThatUserIsNotAbleToLoginWithInValidCredentials
[19:12:25] [TestNG-tests-1] INFO  ramchavantestautomation.Utils.Log - Test started: verifyThatUserIsNotAbleToLoginWithInValidCredentials
[19:12:25] [TestNG-tests-1] INFO  ramchavantestautomation.Utils.Log - =====================================verifyThatUserIsNotAbleToLoginWithInValidCredentialsTest TEST START=========================================
[19:12:25] [TestNG-tests-1] INFO  ramchavantestautomation.Utils.Log - Testing invalid login with: bad2@gmail.com / short
[19:12:25] [TestNG-tests-1] INFO  ramchavantestautomation.Utils.Log - Entered username: bad2@gmail.com
[19:12:25] [TestNG-tests-1] INFO  ramchavantestautomation.Utils.Log - Entered password: short
[19:12:26] [TestNG-tests-1] INFO  ramchavantestautomation.Utils.Log - Clicked on login button
[19:12:26] [TestNG-tests-1] INFO  ramchavantestautomation.Utils.Log - Error displayed: true
[19:12:26] [TestNG-tests-1] INFO  ramchavantestautomation.Utils.Log - =====================================verifyThatUserIsNotAbleToLoginWithInValidCredentialsTest TEST END=========================================
]]></system-out>
  </testcase>
</testsuite>