<?xml version="1.0" encoding="UTF-8"?>
<testsuite xmlns:xsi="http://www.w3.org/2001/XMLSchema-instance" xsi:noNamespaceSchemaLocation="https://maven.apache.org/surefire/maven-surefire-plugin/xsd/surefire-test-report-3.0.xsd" version="3.0" name="TestSuite" time="41.62" tests="8" errors="0" skipped="0" failures="0">
  <properties>
[...]
</properties>
  <testcase name="verifyThatUserIsAbleToLoginWithValidCredentials[testautomationram@gmail.com, Test@1234](1)" classname="ramchavantestautomation.Tests.LoginPageTest" time="8.725">
    <system-out><![CDATA[[19:36:49] [TestNG-tests-1] INFO  ramchavantestautomation.Utils.Log - >>> Test suite started: Chrome Tests
[19:36:49] [TestNG-tests-2] INFO  ramchavantestautomation.Utils.Log - >>> Test suite started: Firefox Tests
[19:36:57] [TestNG-tests-1] INFO  ramchavantestautomation.Utils.Log - Browser launched (chrome) & navigated to: https://rahulshettyacademy.com/client/
[19:36:57] [TestNG-tests-1] INFO  ramchavantestautomation.Utils.Log - Driver hash: 214463957 Thread: 29
[19:36:59] [TestNG-tests-1] INFO  ramchavantestautomation.Utils.Log - >>> Starting test: verifyThatUserIsAbleToLoginWithValidCredentials
[19:36:59] [TestNG-tests-1] INFO  ramchavantestautomation.Utils.Log - Skipping default login for a login test.
[19:37:00] [TestNG-tests-1] INFO  ramchavantestautomation.Utils.Log - Test started: verifyThatUserIsAbleToLoginWithValidCredentials
[19:37:00] [TestNG-tests-1] INFO  ramchavantestautomation.Utils.Log - =====================================verifyThatUserIsAbleToLoginWithValidCredentialsTest TEST START=========================================
[19:37:00] [TestNG-tests-1] INFO  ramchavantestautomation.Utils.Log - Testing login with data provider: testautomationram@gmail.com / Test@1234
[19:37:01] [TestNG-tests-1] INFO  ramchavantestautomation.Utils.Log - Entered username: testautomationram@gmail.com
[19:37:03] [TestNG-tests-1] INFO  ramchavantestautomation.Utils.Log - Entered password: Test@1234
[19:37:05] [TestNG-tests-1] INFO  ramchavantestautomation.Utils.Log - Clicked on login button
[19:37:07] [TestNG-tests-1] INFO  ramchavantestautomation.Utils.Log - Fetched Homepage text after successfull login: AUTOMATION
[19:37:09] [TestNG-tests-1] INFO  ramchavantestautomation.Utils.Log - =====================================verifyThatUserIsAbleToLoginWithValidCredentialsTest TEST END=========================================
]]></system-out>
    <system-err><![CDATA[SLF4J: Failed to load class "org.slf4j.impl.StaticLoggerBinder".
SLF4J: Defaulting to no-operation (NOP) logger implementation
SLF4J: See http://www.slf4j.org/codes.html#StaticLoggerBinder for further details.
Sept 17, 2025 7:36:49 PM org.openqa.selenium.remote.tracing.opentelemetry.OpenTelemetryTracer createTracer
INFO: Using OpenTelemetry for tracing
]]></system-err>
  </testcase>
  <testcase name="verifyThatUserIsAbleToLoginWithValidCredentials[testautomationram@gmail.com, Test@1234](1)" classname="ramchavantestautomation.Tests.LoginPageTest" time="2.664">
    <system-out><![CDATA[[19:37:16] [TestNG-tests-1] INFO  ramchavantestautomation.Utils.Log - Test passed: verifyThatUserIsNotAbleToLoginWithInValidCredentials
[19:37:16] [TestNG-tests-1] INFO  ramchavantestautomation.Utils.Log - <<< Finished test: verifyThatUserIsNotAbleToLoginWithInValidCredentials
[19:37:16] [TestNG-tests-1] INFO  ramchavantestautomation.Utils.Log - >>> Starting test: verifyThatUserIsNotAbleToLoginWithInValidCredentials
[19:37:16] [TestNG-tests-1] INFO  ramchavantestautomation.Utils.Log - Skipping default login for a login test.
[19:37:16] [TestNG-tests-1] INFO  ramchavantestautomation.Utils.Log - Test started: verifyThatUserIsNotAbleToLoginWithInValidCredentials
[19:37:16] [TestNG-tests-1] INFO  ramchavantestautomation.Utils.Log - =====================================verifyThatUserIsNotAbleToLoginWithInValidCredentialsTest TEST START=========================================
[19:37:16] [TestNG-tests-1] INFO  ramchavantestautomation.Utils.Log - Testing invalid login with: bad2@gmail.com / short
[19:37:16] [TestNG-tests-2] INFO  ramchavantestautomation.Utils.Log - Browser launched (firefox) & navigated to: https://rahulshettyacademy.com/client/
[19:37:16] [TestNG-tests-2] INFO  ramchavantestautomation.Utils.Log - Driver hash: 2138127423 Thread: 30
[19:37:16] [TestNG-tests-2] INFO  ramchavantestautomation.Utils.Log - >>> Starting test: verifyThatUserIsAbleToLoginWithValidCredentials
[19:37:16] [TestNG-tests-2] INFO  ramchavantestautomation.Utils.Log - Skipping default login for a login test.
[19:37:16] [TestNG-tests-2] INFO  ramchavantestautomation.Utils.Log - Test started: verifyThatUserIsAbleToLoginWithValidCredentials
[19:37:16] [TestNG-tests-2] INFO  ramchavantestautomation.Utils.Log - =====================================verifyThatUserIsAbleToLoginWithValidCredentialsTest TEST START=========================================
[19:37:16] [TestNG-tests-2] INFO  ramchavantestautomation.Utils.Log - Testing login with data provider: testautomationram@gmail.com / Test@1234
[19:37:17] [TestNG-tests-1] INFO  ramchavantestautomation.Utils.Log - Entered username: bad2@gmail.com
[19:37:17] [TestNG-tests-2] INFO  ramchavantestautomation.Utils.Log - Entered username: testautomationram@gmail.com
[19:37:17] [TestNG-tests-2] INFO  ramchavantestautomation.Utils.Log - Entered password: Test@1234
[19:37:18] [TestNG-tests-1] INFO  ramchavantestautomation.Utils.Log - Entered password: short
[19:37:18] [TestNG-tests-2] INFO  ramchavantestautomation.Utils.Log - Clicked on login button
[19:37:18] [TestNG-tests-1] INFO  ramchavantestautomation.Utils.Log - Clicked on login button
[19:37:18] [TestNG-tests-2] INFO  ramchavantestautomation.Utils.Log - Fetched Homepage text after successfull login: AUTOMATION
[19:37:19] [TestNG-tests-2] INFO  ramchavantestautomation.Utils.Log - =====================================verifyThatUserIsAbleToLoginWithValidCredentialsTest TEST END=========================================
]]></system-out>
  </testcase>
  <testcase name="verifyThatUserIsNotAbleToLoginWithInValidCredentials[bad1@gmail.com, 123](1)" classname="ramchavantestautomation.Tests.LoginPageTest" time="3.69">
    <system-out><![CDATA[[19:37:11] [TestNG-tests-1] INFO  ramchavantestautomation.Utils.Log - Test passed: verifyThatUserIsAbleToLoginWithValidCredentials
[19:37:11] [TestNG-tests-1] INFO  ramchavantestautomation.Utils.Log - <<< Finished test: verifyThatUserIsAbleToLoginWithValidCredentials
[19:37:11] [TestNG-tests-1] INFO  ramchavantestautomation.Utils.Log - >>> Starting test: verifyThatUserIsNotAbleToLoginWithInValidCredentials
[19:37:11] [TestNG-tests-1] INFO  ramchavantestautomation.Utils.Log - Skipping default login for a login test.
[19:37:11] [TestNG-tests-1] INFO  ramchavantestautomation.Utils.Log - Test started: verifyThatUserIsNotAbleToLoginWithInValidCredentials
[19:37:11] [TestNG-tests-1] INFO  ramchavantestautomation.Utils.Log - =====================================verifyThatUserIsNotAbleToLoginWithInValidCredentialsTest TEST START=========================================
[19:37:11] [TestNG-tests-1] INFO  ramchavantestautomation.Utils.Log - Testing invalid login with: bad1@gmail.com / 123
[19:37:12] [TestNG-tests-1] INFO  ramchavantestautomation.Utils.Log - Entered username: bad1@gmail.com
[19:37:13] [TestNG-tests-1] INFO  ramchavantestautomation.Utils.Log - Entered password: 123
[19:37:14] [TestNG-tests-1] INFO  ramchavantestautomation.Utils.Log - Clicked on login button
[19:37:14] [TestNG-tests-1] INFO  ramchavantestautomation.Utils.Log - Error displayed: true
[19:37:14] [TestNG-tests-1] INFO  ramchavantestautomation.Utils.Log - =====================================verifyThatUserIsNotAbleToLoginWithInValidCredentialsTest TEST END=========================================
]]></system-out>
  </testcase>
  <testcase name="verifyThatUserIsNotAbleToLoginWithInValidCredentials[bad1@gmail.com, 123](1)" classname="ramchavantestautomation.Tests.LoginPageTest" time="1.103">
    <system-out><![CDATA[[19:37:20] [TestNG-tests-2] INFO  ramchavantestautomation.Utils.Log - Entered username: bad1@gmail.com
[19:37:20] [TestNG-tests-2] INFO  ramchavantestautomation.Utils.Log - Entered password: 123
[19:37:21] [TestNG-tests-1] INFO  ramchavantestautomation.Utils.Log - Test passed: verifyThatUserIsNotAbleToLoginWithInValidCredentials
[19:37:21] [TestNG-tests-1] INFO  ramchavantestautomation.Utils.Log - <<< Finished test: verifyThatUserIsNotAbleToLoginWithInValidCredentials
[19:37:21] [TestNG-tests-1] INFO  ramchavantestautomation.Utils.Log - >>> Starting test: alwaysPass
[19:37:21] [TestNG-tests-2] INFO  ramchavantestautomation.Utils.Log - Clicked on login button
[19:37:21] [TestNG-tests-2] INFO  ramchavantestautomation.Utils.Log - Error displayed: true
[19:37:21] [TestNG-tests-2] INFO  ramchavantestautomation.Utils.Log - =====================================verifyThatUserIsNotAbleToLoginWithInValidCredentialsTest TEST END=========================================
]]></system-out>
  </testcase>
  <testcase name="verifyThatUserIsNotAbleToLoginWithInValidCredentials[bad2@gmail.com, short](2)" classname="ramchavantestautomation.Tests.LoginPageTest" time="0.107">
    <system-out><![CDATA[[19:37:20] [TestNG-tests-2] INFO  ramchavantestautomation.Utils.Log - Test passed: verifyThatUserIsAbleToLoginWithValidCredentials
[19:37:20] [TestNG-tests-2] INFO  ramchavantestautomation.Utils.Log - <<< Finished test: verifyThatUserIsAbleToLoginWithValidCredentials
[19:37:20] [TestNG-tests-2] INFO  ramchavantestautomation.Utils.Log - >>> Starting test: verifyThatUserIsNotAbleToLoginWithInValidCredentials
[19:37:20] [TestNG-tests-2] INFO  ramchavantestautomation.Utils.Log - Skipping default login for a login test.
[19:37:20] [TestNG-tests-2] INFO  ramchavantestautomation.Utils.Log - Test started: verifyThatUserIsNotAbleToLoginWithInValidCredentials
[19:37:20] [TestNG-tests-2] INFO  ramchavantestautomation.Utils.Log - =====================================verifyThatUserIsNotAbleToLoginWithInValidCredentialsTest TEST START=========================================
[19:37:20] [TestNG-tests-2] INFO  ramchavantestautomation.Utils.Log - Testing invalid login with: bad1@gmail.com / 123
[19:37:20] [TestNG-tests-1] INFO  ramchavantestautomation.Utils.Log - Error displayed: true
[19:37:20] [TestNG-tests-1] INFO  ramchavantestautomation.Utils.Log - =====================================verifyThatUserIsNotAbleToLoginWithInValidCredentialsTest TEST END=========================================
]]></system-out>
  </testcase>
  <testcase name="verifyThatUserIsNotAbleToLoginWithInValidCredentials[bad2@gmail.com, short](2)" classname="ramchavantestautomation.Tests.LoginPageTest" time="0.856">
    <system-out><![CDATA[[19:37:22] [TestNG-tests-2] INFO  ramchavantestautomation.Utils.Log - Entered password: short
[19:37:23] [TestNG-tests-2] INFO  ramchavantestautomation.Utils.Log - Clicked on login button
[19:37:23] [TestNG-tests-1] INFO  ramchavantestautomation.Utils.Log - Test passed: alwaysPass
[19:37:23] [TestNG-tests-1] INFO  ramchavantestautomation.Utils.Log - <<< Finished test: alwaysPass
[19:37:23] [TestNG-tests-2] INFO  ramchavantestautomation.Utils.Log - Error displayed: true
[19:37:23] [TestNG-tests-2] INFO  ramchavantestautomation.Utils.Log - =====================================verifyThatUserIsNotAbleToLoginWithInValidCredentialsTest TEST END=========================================
]]></system-out>
  </testcase>
  <testcase name="alwaysPass" classname="ramchavantestautomation.Tests.SampleUnitTest" time="0.001">
    <system-out><![CDATA[[19:37:22] [TestNG-tests-2] INFO  ramchavantestautomation.Utils.Log - Test passed: verifyThatUserIsNotAbleToLoginWithInValidCredentials
[19:37:22] [TestNG-tests-2] INFO  ramchavantestautomation.Utils.Log - <<< Finished test: verifyThatUserIsNotAbleToLoginWithInValidCredentials
[19:37:22] [TestNG-tests-2] INFO  ramchavantestautomation.Utils.Log - >>> Starting test: verifyThatUserIsNotAbleToLoginWithInValidCredentials
[19:37:22] [TestNG-tests-2] INFO  ramchavantestautomation.Utils.Log - Skipping default login for a login test.
[19:37:22] [TestNG-tests-2] INFO  ramchavantestautomation.Utils.Log - Test started: verifyThatUserIsNotAbleToLoginWithInValidCredentials
[19:37:22] [TestNG-tests-2] INFO  ramchavantestautomation.Utils.Log - =====================================verifyThatUserIsNotAbleToLoginWithInValidCredentialsTest TEST START=========================================
[19:37:22] [TestNG-tests-2] INFO  ramchavantestautomation.Utils.Log - Testing invalid login with: bad2@gmail.com / short
[19:37:22] [TestNG-tests-2] INFO  ramchavantestautomation.Utils.Log - Entered username: bad2@gmail.com
[19:37:22] [TestNG-tests-1] INFO  ramchavantestautomation.Utils.Log - Default login attempted.
[19:37:22] [TestNG-tests-1] INFO  ramchavantestautomation.Utils.Log - Test started: alwaysPass
]]></system-out>
  </testcase>
  <testcase name="alwaysPass" classname="ramchavantestautomation.Tests.SampleUnitTest" time="0.0">
    <system-out><![CDATA[[19:37:23] [TestNG-tests-1] INFO  ramchavantestautomation.Utils.Log - Default logout attempted.
[19:37:24] [TestNG-tests-2] INFO  ramchavantestautomation.Utils.Log - Test passed: verifyThatUserIsNotAbleToLoginWithInValidCredentials
[19:37:24] [TestNG-tests-2] INFO  ramchavantestautomation.Utils.Log - <<< Finished test: verifyThatUserIsNotAbleToLoginWithInValidCredentials
[19:37:24] [TestNG-tests-2] INFO  ramchavantestautomation.Utils.Log - >>> Starting test: alwaysPass
[19:37:24] [TestNG-tests-1] INFO  ramchavantestautomation.Utils.Log - === Browser closed for thread 29 ===
[19:37:25] [TestNG-tests-2] INFO  ramchavantestautomation.Utils.Log - Default login attempted.
[19:37:25] [TestNG-tests-2] INFO  ramchavantestautomation.Utils.Log - Test started: alwaysPass
]]></system-out>
  </testcase>
</testsuite>