<?xml version="1.0" encoding="UTF-8"?>
<testng-results ignored="1" total="2" passed="1" failed="0" skipped="0">
  <reporter-output>
  </reporter-output>
  <suite started-at="2025-09-17T12:30:45 IST" name="Default suite" finished-at="2025-09-17T12:30:48 IST" duration-ms="3291">
    <groups>
      <group name="loginTests">
        <method signature="LoginPageTest.verifyThatUserIsAbleToLoginWithValidCredentials(java.lang.String,java.lang.String)[pri:0, instance:ramchavantestautomation.Tests.LoginPageTest@4116aac9]" name="verifyThatUserIsAbleToLoginWithValidCredentials" class="ramchavantestautomation.Tests.LoginPageTest"/>
      </group> <!-- loginTests -->
    </groups>
    <test started-at="2025-09-17T12:30:45 IST" name="Default test" finished-at="2025-09-17T12:30:48 IST" duration-ms="3291">
      <class name="ramchavantestautomation.Tests.LoginPageTest">
        <test-method is-config="true" signature="setUpSuite(java.lang.String,org.testng.ITestContext)[pri:0, instance:ramchavantestautomation.Tests.LoginPageTest@4116aac9]" started-at="2025-09-17T12:30:39 IST" name="setUpSuite" finished-at="2025-09-17T12:30:45 IST" duration-ms="5478" status="PASS">
          <params>
            <param index="0">
              <value>
                <![CDATA[]]>
              </value>
            </param>
            <param index="1">
              <value>
                <![CDATA[org.testng.TestRunner@54af3cb9]]>
              </value>
            </param>
          </params>
          <reporter-output>
          </reporter-output>
        </test-method> <!-- setUpSuite -->
        <test-method is-config="true" signature="startTest(java.lang.reflect.Method)[pri:0, instance:ramchavantestautomation.Tests.LoginPageTest@4116aac9]" started-at="2025-09-17T12:30:46 IST" name="startTest" finished-at="2025-09-17T12:30:46 IST" duration-ms="4" status="PASS">
          <params>
            <param index="0">
              <value>
                <![CDATA[public void ramchavantestautomation.Tests.LoginPageTest.verifyThatUserIsAbleToLoginWithValidCredentials(java.lang.String,java.lang.String)]]>
              </value>
            </param>
          </params>
          <reporter-output>
          </reporter-output>
        </test-method> <!-- startTest -->
        <test-method is-config="true" signature="setupLoginPage()[pri:0, instance:ramchavantestautomation.Tests.LoginPageTest@4116aac9]" started-at="2025-09-17T12:30:46 IST" name="setupLoginPage" finished-at="2025-09-17T12:30:46 IST" duration-ms="32" status="PASS">
          <reporter-output>
          </reporter-output>
        </test-method> <!-- setupLoginPage -->
        <test-method signature="verifyThatUserIsAbleToLoginWithValidCredentials(java.lang.String,java.lang.String)[pri:0, instance:ramchavantestautomation.Tests.LoginPageTest@4116aac9]" started-at="2025-09-17T12:30:46 IST" name="verifyThatUserIsAbleToLoginWithValidCredentials" data-provider="loginTestData" finished-at="2025-09-17T12:30:47 IST" duration-ms="1681" status="PASS">
          <params>
            <param index="0">
              <value>
                <![CDATA[testautomationram@gmail.com]]>
              </value>
            </param>
            <param index="1">
              <value>
                <![CDATA[Test@1234]]>
              </value>
            </param>
          </params>
          <reporter-output>
          </reporter-output>
        </test-method> <!-- verifyThatUserIsAbleToLoginWithValidCredentials -->
        <test-method is-config="true" signature="endTest(java.lang.reflect.Method)[pri:0, instance:ramchavantestautomation.Tests.LoginPageTest@4116aac9]" started-at="2025-09-17T12:30:48 IST" name="endTest" finished-at="2025-09-17T12:30:48 IST" duration-ms="4" status="PASS">
          <params>
            <param index="0">
              <value>
                <![CDATA[public void ramchavantestautomation.Tests.LoginPageTest.verifyThatUserIsAbleToLoginWithValidCredentials(java.lang.String,java.lang.String)]]>
              </value>
            </param>
          </params>
          <reporter-output>
          </reporter-output>
        </test-method> <!-- endTest -->
        <test-method is-config="true" signature="tearDownSuite()[pri:0, instance:ramchavantestautomation.Tests.LoginPageTest@4116aac9]" started-at="2025-09-17T12:30:48 IST" name="tearDownSuite" finished-at="2025-09-17T12:30:48 IST" duration-ms="103" status="PASS">
          <reporter-output>
          </reporter-output>
        </test-method> <!-- tearDownSuite -->
      </class> <!-- ramchavantestautomation.Tests.LoginPageTest -->
    </test> <!-- Default test -->
  </suite> <!-- Default suite -->
</testng-results>
