<?xml version="1.0" encoding="UTF-8"?>
<testng-results ignored="0" total="9" passed="9" failed="0" skipped="0">
  <reporter-output>
  </reporter-output>
  <suite started-at="2026-01-02T09:25:53 IST" name="Ecommerce Automation Suite" finished-at="2026-01-02T09:26:43 IST" duration-ms="49622">
    <groups>
      <group name="smoke">
        <method signature="LoginPageTest.verifyThatUserIsAbleToLoginWithValidCredentials(java.lang.String,java.lang.String)[pri:0, instance:ramchavantestautomation.Tests.LoginPageTest@5dda768f]" name="verifyThatUserIsAbleToLoginWithValidCredentials" class="ramchavantestautomation.Tests.LoginPageTest"/>
        <method signature="LoginPageTest.verifyThatUserIsNotAbleToLoginWithInValidCredentials(java.lang.String,java.lang.String)[pri:0, instance:ramchavantestautomation.Tests.LoginPageTest@5dda768f]" name="verifyThatUserIsNotAbleToLoginWithInValidCredentials" class="ramchavantestautomation.Tests.LoginPageTest"/>
        <method signature="LoginPageTest.verifyThatUserIsAbleToLoginWithValidCredentials(java.lang.String,java.lang.String)[pri:0, instance:ramchavantestautomation.Tests.LoginPageTest@3c0be339]" name="verifyThatUserIsAbleToLoginWithValidCredentials" class="ramchavantestautomation.Tests.LoginPageTest"/>
        <method signature="LoginPageTest.verifyThatUserIsNotAbleToLoginWithInValidCredentials(java.lang.String,java.lang.String)[pri:0, instance:ramchavantestautomation.Tests.LoginPageTest@3c0be339]" name="verifyThatUserIsNotAbleToLoginWithInValidCredentials" class="ramchavantestautomation.Tests.LoginPageTest"/>
        <method signature="LoginPageTest.verifyThatUserIsAbleToLoginWithValidCredentials(java.lang.String,java.lang.String)[pri:0, instance:ramchavantestautomation.Tests.LoginPageTest@7a675056]" name="verifyThatUserIsAbleToLoginWithValidCredentials" class="ramchavantestautomation.Tests.LoginPageTest"/>
        <method signature="LoginPageTest.verifyThatUserIsNotAbleToLoginWithInValidCredentials(java.lang.String,java.lang.String)[pri:0, instance:ramchavantestautomation.Tests.LoginPageTest@7a675056]" name="verifyThatUserIsNotAbleToLoginWithInValidCredentials" class="ramchavantestautomation.Tests.LoginPageTest"/>
      </group> <!-- smoke -->
    </groups>
    <test started-at="2026-01-02T09:25:53 IST" name="Firefox Tests" finished-at="2026-01-02T09:26:22 IST" duration-ms="29307">
      <class name="ramchavantestautomation.Tests.LoginPageTest">
        <test-method is-config="true" signature="setUpTest(java.lang.String,org.testng.ITestContext)[pri:0, instance:ramchavantestautomation.Tests.LoginPageTest@3c0be339]" started-at="2026-01-02T09:25:53 IST" name="setUpTest" finished-at="2026-01-02T09:26:09 IST" duration-ms="15748" status="PASS">
          <params>
            <param index="0">
              <value>
                <![CDATA[firefox]]>
              </value>
            </param>
            <param index="1">
              <value>
                <![CDATA[org.testng.TestRunner@693fe6c9]]>
              </value>
            </param>
          </params>
          <reporter-output>
          </reporter-output>
        </test-method> <!-- setUpTest -->
        <test-method is-config="true" signature="beforeMethod(java.lang.reflect.Method)[pri:0, instance:ramchavantestautomation.Tests.LoginPageTest@3c0be339]" started-at="2026-01-02T09:26:09 IST" name="beforeMethod" finished-at="2026-01-02T09:26:09 IST" duration-ms="2" status="PASS">
          <params>
            <param index="0">
              <value>
                <![CDATA[public void ramchavantestautomation.Tests.LoginPageTest.verifyThatUserIsAbleToLoginWithValidCredentials(java.lang.String,java.lang.String)]]>
              </value>
            </param>
          </params>
          <reporter-output>
          </reporter-output>
        </test-method> <!-- beforeMethod -->
        <test-method is-config="true" signature="setupLoginPage()[pri:0, instance:ramchavantestautomation.Tests.LoginPageTest@3c0be339]" started-at="2026-01-02T09:26:09 IST" name="setupLoginPage" finished-at="2026-01-02T09:26:09 IST" duration-ms="3" status="PASS">
          <reporter-output>
          </reporter-output>
        </test-method> <!-- setupLoginPage -->
        <test-method signature="verifyThatUserIsAbleToLoginWithValidCredentials(java.lang.String,java.lang.String)[pri:0, instance:ramchavantestautomation.Tests.LoginPageTest@3c0be339]" started-at="2026-01-02T09:26:09 IST" name="verifyThatUserIsAbleToLoginWithValidCredentials" data-provider="loginTestData" finished-at="2026-01-02T09:26:14 IST" duration-ms="5305" status="PASS">
          <params>
            <param index="0">
              <value>
                <![CDATA[testautomationram@gmail.com]]>
              </value>
            </param>
            <param index="1">
              <value>
                <![CDATA[Test@1234]]>
              </value>
            </param>
          </params>
          <reporter-output>
          </reporter-output>
        </test-method> <!-- verifyThatUserIsAbleToLoginWithValidCredentials -->
        <test-method is-config="true" signature="afterMethod(java.lang.reflect.Method)[pri:0, instance:ramchavantestautomation.Tests.LoginPageTest@3c0be339]" started-at="2026-01-02T09:26:16 IST" name="afterMethod" finished-at="2026-01-02T09:26:16 IST" duration-ms="0" status="PASS">
          <params>
            <param index="0">
              <value>
                <![CDATA[public void ramchavantestautomation.Tests.LoginPageTest.verifyThatUserIsAbleToLoginWithValidCredentials(java.lang.String,java.lang.String)]]>
              </value>
            </param>
          </params>
          <reporter-output>
          </reporter-output>
        </test-method> <!-- afterMethod -->
        <test-method is-config="true" signature="beforeMethod(java.lang.reflect.Method)[pri:0, instance:ramchavantestautomation.Tests.LoginPageTest@3c0be339]" started-at="2026-01-02T09:26:16 IST" name="beforeMethod" finished-at="2026-01-02T09:26:16 IST" duration-ms="2" status="PASS">
          <params>
            <param index="0">
              <value>
                <![CDATA[public void ramchavantestautomation.Tests.LoginPageTest.verifyThatUserIsNotAbleToLoginWithInValidCredentials(java.lang.String,java.lang.String)]]>
              </value>
            </param>
          </params>
          <reporter-output>
          </reporter-output>
        </test-method> <!-- beforeMethod -->
        <test-method is-config="true" signature="setupLoginPage()[pri:0, instance:ramchavantestautomation.Tests.LoginPageTest@3c0be339]" started-at="2026-01-02T09:26:16 IST" name="setupLoginPage" finished-at="2026-01-02T09:26:16 IST" duration-ms="3" status="PASS">
          <reporter-output>
          </reporter-output>
        </test-method> <!-- setupLoginPage -->
        <test-method signature="verifyThatUserIsNotAbleToLoginWithInValidCredentials(java.lang.String,java.lang.String)[pri:0, instance:ramchavantestautomation.Tests.LoginPageTest@3c0be339]" started-at="2026-01-02T09:26:16 IST" name="verifyThatUserIsNotAbleToLoginWithInValidCredentials" data-provider="invalidLoginData" finished-at="2026-01-02T09:26:18 IST" duration-ms="1875" status="PASS">
          <params>
            <param index="0">
              <value>
                <![CDATA[bad1@gmail.com]]>
              </value>
            </param>
            <param index="1">
              <value>
                <![CDATA[123]]>
              </value>
            </param>
          </params>
          <reporter-output>
          </reporter-output>
        </test-method> <!-- verifyThatUserIsNotAbleToLoginWithInValidCredentials -->
        <test-method is-config="true" signature="afterMethod(java.lang.reflect.Method)[pri:0, instance:ramchavantestautomation.Tests.LoginPageTest@3c0be339]" started-at="2026-01-02T09:26:18 IST" name="afterMethod" finished-at="2026-01-02T09:26:18 IST" duration-ms="1" status="PASS">
          <params>
            <param index="0">
              <value>
                <![CDATA[public void ramchavantestautomation.Tests.LoginPageTest.verifyThatUserIsNotAbleToLoginWithInValidCredentials(java.lang.String,java.lang.String)]]>
              </value>
            </param>
          </params>
          <reporter-output>
          </reporter-output>
        </test-method> <!-- afterMethod -->
        <test-method is-config="true" signature="beforeMethod(java.lang.reflect.Method)[pri:0, instance:ramchavantestautomation.Tests.LoginPageTest@3c0be339]" started-at="2026-01-02T09:26:18 IST" name="beforeMethod" finished-at="2026-01-02T09:26:18 IST" duration-ms="2" status="PASS">
          <params>
            <param index="0">
              <value>
                <![CDATA[public void ramchavantestautomation.Tests.LoginPageTest.verifyThatUserIsNotAbleToLoginWithInValidCredentials(java.lang.String,java.lang.String)]]>
              </value>
            </param>
          </params>
          <reporter-output>
          </reporter-output>
        </test-method> <!-- beforeMethod -->
        <test-method is-config="true" signature="setupLoginPage()[pri:0, instance:ramchavantestautomation.Tests.LoginPageTest@3c0be339]" started-at="2026-01-02T09:26:18 IST" name="setupLoginPage" finished-at="2026-01-02T09:26:18 IST" duration-ms="1" status="PASS">
          <reporter-output>
          </reporter-output>
        </test-method> <!-- setupLoginPage -->
        <test-method signature="verifyThatUserIsNotAbleToLoginWithInValidCredentials(java.lang.String,java.lang.String)[pri:0, instance:ramchavantestautomation.Tests.LoginPageTest@3c0be339]" started-at="2026-01-02T09:26:18 IST" name="verifyThatUserIsNotAbleToLoginWithInValidCredentials" data-provider="invalidLoginData" finished-at="2026-01-02T09:26:20 IST" duration-ms="1405" status="PASS">
          <params>
            <param index="0">
              <value>
                <![CDATA[bad2@gmail.com]]>
              </value>
            </param>
            <param index="1">
              <value>
                <![CDATA[short]]>
              </value>
            </param>
          </params>
          <reporter-output>
          </reporter-output>
        </test-method> <!-- verifyThatUserIsNotAbleToLoginWithInValidCredentials -->
        <test-method is-config="true" signature="afterMethod(java.lang.reflect.Method)[pri:0, instance:ramchavantestautomation.Tests.LoginPageTest@3c0be339]" started-at="2026-01-02T09:26:21 IST" name="afterMethod" finished-at="2026-01-02T09:26:21 IST" duration-ms="0" status="PASS">
          <params>
            <param index="0">
              <value>
                <![CDATA[public void ramchavantestautomation.Tests.LoginPageTest.verifyThatUserIsNotAbleToLoginWithInValidCredentials(java.lang.String,java.lang.String)]]>
              </value>
            </param>
          </params>
          <reporter-output>
          </reporter-output>
        </test-method> <!-- afterMethod -->
        <test-method is-config="true" signature="tearDownTest()[pri:0, instance:ramchavantestautomation.Tests.LoginPageTest@3c0be339]" started-at="2026-01-02T09:26:21 IST" name="tearDownTest" finished-at="2026-01-02T09:26:22 IST" duration-ms="1823" status="PASS">
          <reporter-output>
          </reporter-output>
        </test-method> <!-- tearDownTest -->
      </class> <!-- ramchavantestautomation.Tests.LoginPageTest -->
    </test> <!-- Firefox Tests -->
    <test started-at="2026-01-02T09:25:53 IST" name="Chrome Tests" finished-at="2026-01-02T09:26:23 IST" duration-ms="29595">
      <class name="ramchavantestautomation.Tests.LoginPageTest">
        <test-method is-config="true" signature="setUpTest(java.lang.String,org.testng.ITestContext)[pri:0, instance:ramchavantestautomation.Tests.LoginPageTest@5dda768f]" started-at="2026-01-02T09:25:53 IST" name="setUpTest" finished-at="2026-01-02T09:26:05 IST" duration-ms="12265" status="PASS">
          <params>
            <param index="0">
              <value>
                <![CDATA[chrome]]>
              </value>
            </param>
            <param index="1">
              <value>
                <![CDATA[org.testng.TestRunner@649bec2e]]>
              </value>
            </param>
          </params>
          <reporter-output>
          </reporter-output>
        </test-method> <!-- setUpTest -->
        <test-method is-config="true" signature="beforeMethod(java.lang.reflect.Method)[pri:0, instance:ramchavantestautomation.Tests.LoginPageTest@5dda768f]" started-at="2026-01-02T09:26:07 IST" name="beforeMethod" finished-at="2026-01-02T09:26:07 IST" duration-ms="3" status="PASS">
          <params>
            <param index="0">
              <value>
                <![CDATA[public void ramchavantestautomation.Tests.LoginPageTest.verifyThatUserIsAbleToLoginWithValidCredentials(java.lang.String,java.lang.String)]]>
              </value>
            </param>
          </params>
          <reporter-output>
          </reporter-output>
        </test-method> <!-- beforeMethod -->
        <test-method is-config="true" signature="setupLoginPage()[pri:0, instance:ramchavantestautomation.Tests.LoginPageTest@5dda768f]" started-at="2026-01-02T09:26:07 IST" name="setupLoginPage" finished-at="2026-01-02T09:26:07 IST" duration-ms="40" status="PASS">
          <reporter-output>
          </reporter-output>
        </test-method> <!-- setupLoginPage -->
        <test-method signature="verifyThatUserIsAbleToLoginWithValidCredentials(java.lang.String,java.lang.String)[pri:0, instance:ramchavantestautomation.Tests.LoginPageTest@5dda768f]" started-at="2026-01-02T09:26:07 IST" name="verifyThatUserIsAbleToLoginWithValidCredentials" data-provider="loginTestData" finished-at="2026-01-02T09:26:14 IST" duration-ms="6651" status="PASS">
          <params>
            <param index="0">
              <value>
                <![CDATA[testautomationram@gmail.com]]>
              </value>
            </param>
            <param index="1">
              <value>
                <![CDATA[Test@1234]]>
              </value>
            </param>
          </params>
          <reporter-output>
          </reporter-output>
        </test-method> <!-- verifyThatUserIsAbleToLoginWithValidCredentials -->
        <test-method is-config="true" signature="afterMethod(java.lang.reflect.Method)[pri:0, instance:ramchavantestautomation.Tests.LoginPageTest@5dda768f]" started-at="2026-01-02T09:26:15 IST" name="afterMethod" finished-at="2026-01-02T09:26:15 IST" duration-ms="2" status="PASS">
          <params>
            <param index="0">
              <value>
                <![CDATA[public void ramchavantestautomation.Tests.LoginPageTest.verifyThatUserIsAbleToLoginWithValidCredentials(java.lang.String,java.lang.String)]]>
              </value>
            </param>
          </params>
          <reporter-output>
          </reporter-output>
        </test-method> <!-- afterMethod -->
        <test-method is-config="true" signature="beforeMethod(java.lang.reflect.Method)[pri:0, instance:ramchavantestautomation.Tests.LoginPageTest@5dda768f]" started-at="2026-01-02T09:26:15 IST" name="beforeMethod" finished-at="2026-01-02T09:26:15 IST" duration-ms="3" status="PASS">
          <params>
            <param index="0">
              <value>
                <![CDATA[public void ramchavantestautomation.Tests.LoginPageTest.verifyThatUserIsNotAbleToLoginWithInValidCredentials(java.lang.String,java.lang.String)]]>
              </value>
            </param>
          </params>
          <reporter-output>
          </reporter-output>
        </test-method> <!-- beforeMethod -->
        <test-method is-config="true" signature="setupLoginPage()[pri:0, instance:ramchavantestautomation.Tests.LoginPageTest@5dda768f]" started-at="2026-01-02T09:26:15 IST" name="setupLoginPage" finished-at="2026-01-02T09:26:15 IST" duration-ms="19" status="PASS">
          <reporter-output>
          </reporter-output>
        </test-method> <!-- setupLoginPage -->
        <test-method signature="verifyThatUserIsNotAbleToLoginWithInValidCredentials(java.lang.String,java.lang.String)[pri:0, instance:ramchavantestautomation.Tests.LoginPageTest@5dda768f]" started-at="2026-01-02T09:26:15 IST" name="verifyThatUserIsNotAbleToLoginWithInValidCredentials" data-provider="invalidLoginData" finished-at="2026-01-02T09:26:18 IST" duration-ms="2847" status="PASS">
          <params>
            <param index="0">
              <value>
                <![CDATA[bad1@gmail.com]]>
              </value>
            </param>
            <param index="1">
              <value>
                <![CDATA[123]]>
              </value>
            </param>
          </params>
          <reporter-output>
          </reporter-output>
        </test-method> <!-- verifyThatUserIsNotAbleToLoginWithInValidCredentials -->
        <test-method is-config="true" signature="afterMethod(java.lang.reflect.Method)[pri:0, instance:ramchavantestautomation.Tests.LoginPageTest@5dda768f]" started-at="2026-01-02T09:26:19 IST" name="afterMethod" finished-at="2026-01-02T09:26:19 IST" duration-ms="0" status="PASS">
          <params>
            <param index="0">
              <value>
                <![CDATA[public void ramchavantestautomation.Tests.LoginPageTest.verifyThatUserIsNotAbleToLoginWithInValidCredentials(java.lang.String,java.lang.String)]]>
              </value>
            </param>
          </params>
          <reporter-output>
          </reporter-output>
        </test-method> <!-- afterMethod -->
        <test-method is-config="true" signature="beforeMethod(java.lang.reflect.Method)[pri:0, instance:ramchavantestautomation.Tests.LoginPageTest@5dda768f]" started-at="2026-01-02T09:26:19 IST" name="beforeMethod" finished-at="2026-01-02T09:26:19 IST" duration-ms="3" status="PASS">
          <params>
            <param index="0">
              <value>
                <![CDATA[public void ramchavantestautomation.Tests.LoginPageTest.verifyThatUserIsNotAbleToLoginWithInValidCredentials(java.lang.String,java.lang.String)]]>
              </value>
            </param>
          </params>
          <reporter-output>
          </reporter-output>
        </test-method> <!-- beforeMethod -->
        <test-method is-config="true" signature="setupLoginPage()[pri:0, instance:ramchavantestautomation.Tests.LoginPageTest@5dda768f]" started-at="2026-01-02T09:26:19 IST" name="setupLoginPage" finished-at="2026-01-02T09:26:19 IST" duration-ms="1" status="PASS">
          <reporter-output>
          </reporter-output>
        </test-method> <!-- setupLoginPage -->
        <test-method signature="verifyThatUserIsNotAbleToLoginWithInValidCredentials(java.lang.String,java.lang.String)[pri:0, instance:ramchavantestautomation.Tests.LoginPageTest@5dda768f]" started-at="2026-01-02T09:26:19 IST" name="verifyThatUserIsNotAbleToLoginWithInValidCredentials" data-provider="invalidLoginData" finished-at="2026-01-02T09:26:22 IST" duration-ms="3048" status="PASS">
          <params>
            <param index="0">
              <value>
                <![CDATA[bad2@gmail.com]]>
              </value>
            </param>
            <param index="1">
              <value>
                <![CDATA[short]]>
              </value>
            </param>
          </params>
          <reporter-output>
          </reporter-output>
        </test-method> <!-- verifyThatUserIsNotAbleToLoginWithInValidCredentials -->
        <test-method is-config="true" signature="afterMethod(java.lang.reflect.Method)[pri:0, instance:ramchavantestautomation.Tests.LoginPageTest@5dda768f]" started-at="2026-01-02T09:26:22 IST" name="afterMethod" finished-at="2026-01-02T09:26:22 IST" duration-ms="1" status="PASS">
          <params>
            <param index="0">
              <value>
                <![CDATA[public void ramchavantestautomation.Tests.LoginPageTest.verifyThatUserIsNotAbleToLoginWithInValidCredentials(java.lang.String,java.lang.String)]]>
              </value>
            </param>
          </params>
          <reporter-output>
          </reporter-output>
        </test-method> <!-- afterMethod -->
        <test-method is-config="true" signature="tearDownTest()[pri:0, instance:ramchavantestautomation.Tests.LoginPageTest@5dda768f]" started-at="2026-01-02T09:26:22 IST" name="tearDownTest" finished-at="2026-01-02T09:26:23 IST" duration-ms="284" status="PASS">
          <reporter-output>
          </reporter-output>
        </test-method> <!-- tearDownTest -->
      </class> <!-- ramchavantestautomation.Tests.LoginPageTest -->
    </test> <!-- Chrome Tests -->
    <test started-at="2026-01-02T09:26:23 IST" name="Edge Tests" finished-at="2026-01-02T09:26:43 IST" duration-ms="19655">
      <class name="ramchavantestautomation.Tests.LoginPageTest">
        <test-method is-config="true" signature="setUpTest(java.lang.String,org.testng.ITestContext)[pri:0, instance:ramchavantestautomation.Tests.LoginPageTest@7a675056]" started-at="2026-01-02T09:26:23 IST" name="setUpTest" finished-at="2026-01-02T09:26:34 IST" duration-ms="11037" status="PASS">
          <params>
            <param index="0">
              <value>
                <![CDATA[edge]]>
              </value>
            </param>
            <param index="1">
              <value>
                <![CDATA[org.testng.TestRunner@34f5090e]]>
              </value>
            </param>
          </params>
          <reporter-output>
          </reporter-output>
        </test-method> <!-- setUpTest -->
        <test-method is-config="true" signature="beforeMethod(java.lang.reflect.Method)[pri:0, instance:ramchavantestautomation.Tests.LoginPageTest@7a675056]" started-at="2026-01-02T09:26:34 IST" name="beforeMethod" finished-at="2026-01-02T09:26:34 IST" duration-ms="2" status="PASS">
          <params>
            <param index="0">
              <value>
                <![CDATA[public void ramchavantestautomation.Tests.LoginPageTest.verifyThatUserIsAbleToLoginWithValidCredentials(java.lang.String,java.lang.String)]]>
              </value>
            </param>
          </params>
          <reporter-output>
          </reporter-output>
        </test-method> <!-- beforeMethod -->
        <test-method signature="verifyThatUserIsAbleToLoginWithValidCredentials(java.lang.String,java.lang.String)[pri:0, instance:ramchavantestautomation.Tests.LoginPageTest@7a675056]" started-at="2026-01-02T09:26:34 IST" name="verifyThatUserIsAbleToLoginWithValidCredentials" data-provider="loginTestData" finished-at="2026-01-02T09:26:37 IST" duration-ms="3082" status="PASS">
          <params>
            <param index="0">
              <value>
                <![CDATA[testautomationram@gmail.com]]>
              </value>
            </param>
            <param index="1">
              <value>
                <![CDATA[Test@1234]]>
              </value>
            </param>
          </params>
          <reporter-output>
          </reporter-output>
        </test-method> <!-- verifyThatUserIsAbleToLoginWithValidCredentials -->
        <test-method is-config="true" signature="setupLoginPage()[pri:0, instance:ramchavantestautomation.Tests.LoginPageTest@7a675056]" started-at="2026-01-02T09:26:34 IST" name="setupLoginPage" finished-at="2026-01-02T09:26:34 IST" duration-ms="0" status="PASS">
          <reporter-output>
          </reporter-output>
        </test-method> <!-- setupLoginPage -->
        <test-method is-config="true" signature="afterMethod(java.lang.reflect.Method)[pri:0, instance:ramchavantestautomation.Tests.LoginPageTest@7a675056]" started-at="2026-01-02T09:26:38 IST" name="afterMethod" finished-at="2026-01-02T09:26:38 IST" duration-ms="1" status="PASS">
          <params>
            <param index="0">
              <value>
                <![CDATA[public void ramchavantestautomation.Tests.LoginPageTest.verifyThatUserIsAbleToLoginWithValidCredentials(java.lang.String,java.lang.String)]]>
              </value>
            </param>
          </params>
          <reporter-output>
          </reporter-output>
        </test-method> <!-- afterMethod -->
        <test-method is-config="true" signature="setupLoginPage()[pri:0, instance:ramchavantestautomation.Tests.LoginPageTest@7a675056]" started-at="2026-01-02T09:26:38 IST" name="setupLoginPage" finished-at="2026-01-02T09:26:38 IST" duration-ms="1" status="PASS">
          <reporter-output>
          </reporter-output>
        </test-method> <!-- setupLoginPage -->
        <test-method is-config="true" signature="beforeMethod(java.lang.reflect.Method)[pri:0, instance:ramchavantestautomation.Tests.LoginPageTest@7a675056]" started-at="2026-01-02T09:26:38 IST" name="beforeMethod" finished-at="2026-01-02T09:26:38 IST" duration-ms="0" status="PASS">
          <params>
            <param index="0">
              <value>
                <![CDATA[public void ramchavantestautomation.Tests.LoginPageTest.verifyThatUserIsNotAbleToLoginWithInValidCredentials(java.lang.String,java.lang.String)]]>
              </value>
            </param>
          </params>
          <reporter-output>
          </reporter-output>
        </test-method> <!-- beforeMethod -->
        <test-method signature="verifyThatUserIsNotAbleToLoginWithInValidCredentials(java.lang.String,java.lang.String)[pri:0, instance:ramchavantestautomation.Tests.LoginPageTest@7a675056]" started-at="2026-01-02T09:26:38 IST" name="verifyThatUserIsNotAbleToLoginWithInValidCredentials" data-provider="invalidLoginData" finished-at="2026-01-02T09:26:39 IST" duration-ms="1305" status="PASS">
          <params>
            <param index="0">
              <value>
                <![CDATA[bad1@gmail.com]]>
              </value>
            </param>
            <param index="1">
              <value>
                <![CDATA[123]]>
              </value>
            </param>
          </params>
          <reporter-output>
          </reporter-output>
        </test-method> <!-- verifyThatUserIsNotAbleToLoginWithInValidCredentials -->
        <test-method is-config="true" signature="afterMethod(java.lang.reflect.Method)[pri:0, instance:ramchavantestautomation.Tests.LoginPageTest@7a675056]" started-at="2026-01-02T09:26:40 IST" name="afterMethod" finished-at="2026-01-02T09:26:40 IST" duration-ms="1" status="PASS">
          <params>
            <param index="0">
              <value>
                <![CDATA[public void ramchavantestautomation.Tests.LoginPageTest.verifyThatUserIsNotAbleToLoginWithInValidCredentials(java.lang.String,java.lang.String)]]>
              </value>
            </param>
          </params>
          <reporter-output>
          </reporter-output>
        </test-method> <!-- afterMethod -->
        <test-method is-config="true" signature="beforeMethod(java.lang.reflect.Method)[pri:0, instance:ramchavantestautomation.Tests.LoginPageTest@7a675056]" started-at="2026-01-02T09:26:40 IST" name="beforeMethod" finished-at="2026-01-02T09:26:40 IST" duration-ms="0" status="PASS">
          <params>
            <param index="0">
              <value>
                <![CDATA[public void ramchavantestautomation.Tests.LoginPageTest.verifyThatUserIsNotAbleToLoginWithInValidCredentials(java.lang.String,java.lang.String)]]>
              </value>
            </param>
          </params>
          <reporter-output>
          </reporter-output>
        </test-method> <!-- beforeMethod -->
        <test-method is-config="true" signature="setupLoginPage()[pri:0, instance:ramchavantestautomation.Tests.LoginPageTest@7a675056]" started-at="2026-01-02T09:26:40 IST" name="setupLoginPage" finished-at="2026-01-02T09:26:40 IST" duration-ms="1" status="PASS">
          <reporter-output>
          </reporter-output>
        </test-method> <!-- setupLoginPage -->
        <test-method signature="verifyThatUserIsNotAbleToLoginWithInValidCredentials(java.lang.String,java.lang.String)[pri:0, instance:ramchavantestautomation.Tests.LoginPageTest@7a675056]" started-at="2026-01-02T09:26:40 IST" name="verifyThatUserIsNotAbleToLoginWithInValidCredentials" data-provider="invalidLoginData" finished-at="2026-01-02T09:26:41 IST" duration-ms="1034" status="PASS">
          <params>
            <param index="0">
              <value>
                <![CDATA[bad2@gmail.com]]>
              </value>
            </param>
            <param index="1">
              <value>
                <![CDATA[short]]>
              </value>
            </param>
          </params>
          <reporter-output>
          </reporter-output>
        </test-method> <!-- verifyThatUserIsNotAbleToLoginWithInValidCredentials -->
        <test-method is-config="true" signature="afterMethod(java.lang.reflect.Method)[pri:0, instance:ramchavantestautomation.Tests.LoginPageTest@7a675056]" started-at="2026-01-02T09:26:41 IST" name="afterMethod" finished-at="2026-01-02T09:26:41 IST" duration-ms="0" status="PASS">
          <params>
            <param index="0">
              <value>
                <![CDATA[public void ramchavantestautomation.Tests.LoginPageTest.verifyThatUserIsNotAbleToLoginWithInValidCredentials(java.lang.String,java.lang.String)]]>
              </value>
            </param>
          </params>
          <reporter-output>
          </reporter-output>
        </test-method> <!-- afterMethod -->
        <test-method is-config="true" signature="tearDownTest()[pri:0, instance:ramchavantestautomation.Tests.LoginPageTest@7a675056]" started-at="2026-01-02T09:26:41 IST" name="tearDownTest" finished-at="2026-01-02T09:26:43 IST" duration-ms="1200" status="PASS">
          <reporter-output>
          </reporter-output>
        </test-method> <!-- tearDownTest -->
      </class> <!-- ramchavantestautomation.Tests.LoginPageTest -->
    </test> <!-- Edge Tests -->
  </suite> <!-- Ecommerce Automation Suite -->
</testng-results>
