<?xml version="1.0" encoding="UTF-8"?>
<!-- Generated by org.testng.reporters.JUnitXMLReporter -->
<testsuite ignored="2" hostname="LAPTOP-OFVKRPE8" failures="0" tests="4" name="Firefox Tests" time="40.455" errors="0" timestamp="2025-09-17T19:37:28 IST">
  <testcase classname="ramchavantestautomation.Tests.LoginPageTest" name="verifyThatUserIsAbleToLoginWithValidCredentials" time="2.681"/>
  <testcase classname="ramchavantestautomation.Tests.LoginPageTest" name="verifyThatUserIsNotAbleToLoginWithInValidCredentials" time="1.107"/>
  <testcase classname="ramchavantestautomation.Tests.LoginPageTest" name="verifyThatUserIsNotAbleToLoginWithInValidCredentials" time="1.332"/>
  <testcase classname="ramchavantestautomation.Tests.SampleUnitTest" name="alwaysPass" time="0.217"/>
  <testcase classname="ramchavantestautomation.Tests.BaseTest" name="@AfterTest tearDownTest" time="0.0">
    <ignored/>
  </testcase> <!-- @AfterTest tearDownTest -->
  <testcase classname="ramchavantestautomation.Tests.BaseTest" name="@BeforeTest setUpTest" time="0.0">
    <ignored/>
  </testcase> <!-- @BeforeTest setUpTest -->
</testsuite> <!-- Firefox Tests -->
